<?xml version="1.0" encoding="UTF-8"?>
<testng-results ignored="0" total="1" passed="1" failed="0" skipped="0">
  <reporter-output>
  </reporter-output>
  <suite started-at="2022-08-17T14:37:09 IST" name="Default suite" finished-at="2022-08-17T14:38:40 IST" duration-ms="90817">
    <groups>
    </groups>
    <test started-at="2022-08-17T14:37:09 IST" name="Default test" finished-at="2022-08-17T14:38:40 IST" duration-ms="90817">
      <class name="AUTOMATION.an_1">
        <test-method signature="m1()[pri:0, instance:AUTOMATION.an_1@3835c46]" started-at="2022-08-17T14:37:10 IST" name="m1" finished-at="2022-08-17T14:38:40 IST" duration-ms="90517" status="PASS">
          <reporter-output>
          </reporter-output>
        </test-method> <!-- m1 -->
      </class> <!-- AUTOMATION.an_1 -->
    </test> <!-- Default test -->
  </suite> <!-- Default suite -->
</testng-results>
